<?xml version="1.0" encoding="utf-8"?><testsuites name="pytest tests"><testsuite name="pytest" errors="0" failures="1" skipped="0" tests="10" time="10.046" timestamp="2026-07-28T04:15:29.967791+00:00" hostname="agent-env-eca11a28-9801-4ddb-bd4e-e99a3a32800c"><testcase classname="backend.tests.test_bruteforce.TestBruteForceLockout" name="test_5_wrong_password_locks_account" time="1.900" /><testcase classname="backend.tests.test_bruteforce.TestBruteForceLockout" name="test_correct_password_blocked_while_locked" time="1.696" /><testcase classname="backend.tests.test_bruteforce.TestBruteForceLockout" name="test_successful_login_clears_lockout_until" time="1.375" /><testcase classname="backend.tests.test_bruteforce.TestBruteForceLockout" name="test_unknown_email_returns_401_no_lock" time="0.046"><failure message="AssertionError: Attempt 1: got 422 ({&quot;detail&quot;:&quot;value is not a valid email address: The part after the @-sign is a special-use or reserved name that cannot be used with email.&quot;})&#10;assert 422 == 401&#10; +  where 422 = &lt;Response [422]&gt;.status_code">backend/tests/test_bruteforce.py:160: in test_unknown_email_returns_401_no_lock
    assert r.status_code == 401, f"Attempt {i+1}: got {r.status_code} ({r.text})"
E   AssertionError: Attempt 1: got 422 ({"detail":"value is not a valid email address: The part after the @-sign is a special-use or reserved name that cannot be used with email."})
E   assert 422 == 401
E    +  where 422 = &lt;Response [422]&gt;.status_code</failure></testcase><testcase classname="backend.tests.test_bruteforce.TestBruteForceLockout" name="test_user_locked_audit_entry_created" time="2.005" /><testcase classname="backend.tests.test_bruteforce.TestAdminUnlock" name="test_admin_unlock_locked_user" time="2.130" /><testcase classname="backend.tests.test_bruteforce.TestAdminUnlock" name="test_admin_unlock_audit_written" time="0.367" /><testcase classname="backend.tests.test_bruteforce.TestAdminUnlock" name="test_non_admin_cannot_unlock" time="0.326" /><testcase classname="backend.tests.test_bruteforce.TestAdminUnlock" name="test_unlock_unknown_user_returns_404" time="0.047" /><testcase classname="backend.tests.test_bruteforce.TestAdminUnlock" name="test_admin_users_has_is_locked_field" time="0.046" /></testsuite></testsuites>