<?xml version="1.0" encoding="utf-8"?><testsuites name="pytest tests"><testsuite name="pytest" errors="0" failures="0" skipped="0" tests="32" time="5.582" timestamp="2026-04-23T16:35:41.976811+00:00" hostname="agent-env-eca11a28-9801-4ddb-bd4e-e99a3a32800c"><testcase classname="backend.tests.backend_test" name="test_root" time="0.135" /><testcase classname="backend.tests.backend_test" name="test_constants" time="0.049" /><testcase classname="backend.tests.backend_test.TestAuth" name="test_admin_login" time="0.276" /><testcase classname="backend.tests.backend_test.TestAuth" name="test_login_wrong_password" time="0.273" /><testcase classname="backend.tests.backend_test.TestAuth" name="test_login_unknown_user" time="0.046" /><testcase classname="backend.tests.backend_test.TestAuth" name="test_register_student_success" time="0.271" /><testcase classname="backend.tests.backend_test.TestAuth" name="test_register_duplicate_email" time="0.046" /><testcase classname="backend.tests.backend_test.TestAuth" name="test_register_student_missing_fields" time="0.048" /><testcase classname="backend.tests.backend_test.TestAuth" name="test_register_faculty_bad_office" time="0.048" /><testcase classname="backend.tests.backend_test.TestAuth" name="test_get_user" time="0.048" /><testcase classname="backend.tests.backend_test.TestAuth" name="test_logout_writes_audit" time="0.103" /><testcase classname="backend.tests.backend_test.TestBcrypt" name="test_bcrypt_hash_format_via_mongo" time="0.072" /><testcase classname="backend.tests.backend_test.TestBcrypt" name="test_new_user_can_login" time="0.274" /><testcase classname="backend.tests.backend_test.TestClearance" name="test_create_clearance_as_student" time="0.047" /><testcase classname="backend.tests.backend_test.TestClearance" name="test_faculty_cannot_create" time="1.666" /><testcase classname="backend.tests.backend_test.TestClearance" name="test_get_clearance" time="0.053" /><testcase classname="backend.tests.backend_test.TestClearance" name="test_student_list_own" time="0.046" /><testcase classname="backend.tests.backend_test.TestClearance" name="test_faculty_list_pending" time="0.045" /><testcase classname="backend.tests.backend_test.TestClearance" name="test_registrar_gated_when_others_pending" time="0.047" /><testcase classname="backend.tests.backend_test.TestClearance" name="test_approve_non_registrar_offices" time="0.268" /><testcase classname="backend.tests.backend_test.TestClearance" name="test_registrar_can_approve_last" time="0.120" /><testcase classname="backend.tests.backend_test.TestClearance" name="test_double_process_blocked" time="0.047" /><testcase classname="backend.tests.backend_test.TestRejection" name="test_reject_flow" time="0.672" /><testcase classname="backend.tests.backend_test.TestStats" name="test_admin_stats" time="0.045" /><testcase classname="backend.tests.backend_test.TestStats" name="test_student_stats" time="0.044" /><testcase classname="backend.tests.backend_test.TestAdmin" name="test_admin_list_users" time="0.046" /><testcase classname="backend.tests.backend_test.TestAdmin" name="test_non_admin_blocked" time="0.053" /><testcase classname="backend.tests.backend_test.TestAdmin" name="test_admin_audit_logs" time="0.048" /><testcase classname="backend.tests.backend_test.TestAdmin" name="test_admin_audit_actions_endpoint" time="0.048" /><testcase classname="backend.tests.backend_test.TestAdmin" name="test_admin_delete_user" time="0.357" /><testcase classname="backend.tests.backend_test.TestAdmin" name="test_non_admin_cannot_delete" time="0.043" /><testcase classname="backend.tests.backend_test.TestClearanceAuditTrail" name="test_trail_contains_lifecycle" time="0.044" /></testsuite></testsuites>