<?xml version="1.0" encoding="utf-8"?><testsuites name="pytest tests"><testsuite name="pytest" errors="0" failures="0" skipped="1" tests="55" time="17.422" timestamp="2026-07-28T04:15:55.306411+00:00" hostname="agent-env-eca11a28-9801-4ddb-bd4e-e99a3a32800c"><testcase classname="backend.tests.backend_test" name="test_root" time="0.122" /><testcase classname="backend.tests.backend_test" name="test_constants" time="0.049" /><testcase classname="backend.tests.backend_test.TestAuth" name="test_admin_login" time="0.282" /><testcase classname="backend.tests.backend_test.TestAuth" name="test_login_wrong_password" time="0.273" /><testcase classname="backend.tests.backend_test.TestAuth" name="test_login_unknown_user" time="0.052" /><testcase classname="backend.tests.backend_test.TestAuth" name="test_register_student_success" time="0.277" /><testcase classname="backend.tests.backend_test.TestAuth" name="test_register_duplicate_email" time="0.055" /><testcase classname="backend.tests.backend_test.TestAuth" name="test_get_user" time="0.059" /><testcase classname="backend.tests.backend_test.TestAuth" name="test_logout_writes_audit" time="0.116" /><testcase classname="backend.tests.backend_test.TestRegisterValidation" name="test_weak_password_length" time="0.055" /><testcase classname="backend.tests.backend_test.TestRegisterValidation" name="test_weak_password_no_digit" time="0.059" /><testcase classname="backend.tests.backend_test.TestRegisterValidation" name="test_weak_password_no_letter" time="0.058" /><testcase classname="backend.tests.backend_test.TestRegisterValidation" name="test_malformed_email" time="0.058" /><testcase classname="backend.tests.backend_test.TestRegisterValidation" name="test_bad_full_name" time="0.057" /><testcase classname="backend.tests.backend_test.TestRegisterValidation" name="test_student_missing_role_fields" time="0.050" /><testcase classname="backend.tests.backend_test.TestRegisterValidation" name="test_faculty_bad_office" time="0.055" /><testcase classname="backend.tests.backend_test.TestRegisterValidation" name="test_detail_is_string_not_array" time="0.049" /><testcase classname="backend.tests.backend_test.TestBcrypt" name="test_bcrypt_hash_format_via_mongo" time="0.075" /><testcase classname="backend.tests.backend_test.TestBcrypt" name="test_new_user_can_login" time="0.276" /><testcase classname="backend.tests.backend_test.TestClearance" name="test_create_clearance_as_student" time="0.054" /><testcase classname="backend.tests.backend_test.TestClearance" name="test_faculty_cannot_create" time="1.688" /><testcase classname="backend.tests.backend_test.TestClearance" name="test_get_clearance" time="0.052" /><testcase classname="backend.tests.backend_test.TestClearance" name="test_student_list_own" time="0.050" /><testcase classname="backend.tests.backend_test.TestClearance" name="test_faculty_list_pending" time="0.049" /><testcase classname="backend.tests.backend_test.TestClearance" name="test_registrar_gated_when_others_pending" time="0.053" /><testcase classname="backend.tests.backend_test.TestClearance" name="test_approve_non_registrar_offices" time="0.284" /><testcase classname="backend.tests.backend_test.TestClearance" name="test_registrar_can_approve_last" time="0.105" /><testcase classname="backend.tests.backend_test.TestClearance" name="test_double_process_blocked" time="0.049" /><testcase classname="backend.tests.backend_test.TestClearanceValidation" name="test_invalid_semester" time="0.050" /><testcase classname="backend.tests.backend_test.TestClearanceValidation" name="test_invalid_academic_year_format" time="0.048" /><testcase classname="backend.tests.backend_test.TestClearanceValidation" name="test_invalid_academic_year_range" time="0.050" /><testcase classname="backend.tests.backend_test.TestClearanceValidation" name="test_approve_without_signature" time="0.647" /><testcase classname="backend.tests.backend_test.TestClearanceValidation" name="test_reject_without_comments" time="0.645" /><testcase classname="backend.tests.backend_test.TestRejection" name="test_reject_flow" time="0.703" /><testcase classname="backend.tests.backend_test.TestStats" name="test_admin_stats" time="0.053" /><testcase classname="backend.tests.backend_test.TestStats" name="test_student_stats" time="0.052" /><testcase classname="backend.tests.backend_test.TestAdmin" name="test_admin_list_users" time="0.056" /><testcase classname="backend.tests.backend_test.TestAdmin" name="test_non_admin_blocked" time="0.056" /><testcase classname="backend.tests.backend_test.TestAdmin" name="test_admin_audit_logs" time="0.066" /><testcase classname="backend.tests.backend_test.TestAdmin" name="test_admin_audit_actions_endpoint" time="0.051" /><testcase classname="backend.tests.backend_test.TestAdmin" name="test_admin_delete_user" time="0.384" /><testcase classname="backend.tests.backend_test.TestAdmin" name="test_non_admin_cannot_delete" time="0.050" /><testcase classname="backend.tests.backend_test.TestAdmin" name="test_admin_self_delete_blocked" time="0.056" /><testcase classname="backend.tests.backend_test.TestAdmin" name="test_last_admin_delete_blocked" time="0.054"><skipped type="pytest.skip" message="Expected exactly 1 admin to test last-admin guard, found 2">/app/backend/tests/backend_test.py:545: Expected exactly 1 admin to test last-admin guard, found 2</skipped></testcase><testcase classname="backend.tests.backend_test.TestClearanceAuditTrail" name="test_trail_contains_lifecycle" time="0.048" /><testcase classname="backend.tests.test_bruteforce.TestBruteForceLockout" name="test_5_wrong_password_locks_account" time="1.779" /><testcase classname="backend.tests.test_bruteforce.TestBruteForceLockout" name="test_correct_password_blocked_while_locked" time="1.659" /><testcase classname="backend.tests.test_bruteforce.TestBruteForceLockout" name="test_successful_login_clears_lockout_until" time="1.356" /><testcase classname="backend.tests.test_bruteforce.TestBruteForceLockout" name="test_unknown_email_returns_401_no_lock" time="0.271" /><testcase classname="backend.tests.test_bruteforce.TestBruteForceLockout" name="test_user_locked_audit_entry_created" time="1.933" /><testcase classname="backend.tests.test_bruteforce.TestAdminUnlock" name="test_admin_unlock_locked_user" time="2.025" /><testcase classname="backend.tests.test_bruteforce.TestAdminUnlock" name="test_admin_unlock_audit_written" time="0.362" /><testcase classname="backend.tests.test_bruteforce.TestAdminUnlock" name="test_non_admin_cannot_unlock" time="0.310" /><testcase classname="backend.tests.test_bruteforce.TestAdminUnlock" name="test_unlock_unknown_user_returns_404" time="0.045" /><testcase classname="backend.tests.test_bruteforce.TestAdminUnlock" name="test_admin_users_has_is_locked_field" time="0.066" /></testsuite></testsuites>