<?xml version="1.0" encoding="utf-8"?><testsuites name="pytest tests"><testsuite name="pytest" errors="0" failures="0" skipped="0" tests="32" time="8.146" timestamp="2026-04-25T13:12:29.525590+00:00" hostname="agent-env-6c6f7144-8432-40c7-af9b-2ef7fa00a568"><testcase classname="backend.tests.test_iteration2.TestCORS" name="test_disallowed_origin_no_acao" time="0.003" /><testcase classname="backend.tests.test_iteration2.TestCORS" name="test_allowed_origin_localhost" time="0.041" /><testcase classname="backend.tests.test_iteration2.TestPasswordComplexityRegister" name="test_register_weak_password[Sh0rt-at least 8]" time="0.158" /><testcase classname="backend.tests.test_iteration2.TestPasswordComplexityRegister" name="test_register_weak_password[alllower1-uppercase]" time="0.044" /><testcase classname="backend.tests.test_iteration2.TestPasswordComplexityRegister" name="test_register_weak_password[ALLUPPER1-lowercase]" time="0.045" /><testcase classname="backend.tests.test_iteration2.TestPasswordComplexityRegister" name="test_register_weak_password[NoDigitsHere-digit]" time="0.050" /><testcase classname="backend.tests.test_iteration2.TestPasswordComplexityAdminCreate" name="test_admin_create_weak_password[Sh0rt-at least 8]" time="0.317" /><testcase classname="backend.tests.test_iteration2.TestPasswordComplexityAdminCreate" name="test_admin_create_weak_password[alllower1-uppercase]" time="0.044" /><testcase classname="backend.tests.test_iteration2.TestPasswordComplexityAdminCreate" name="test_admin_create_weak_password[ALLUPPER1-lowercase]" time="0.044" /><testcase classname="backend.tests.test_iteration2.TestPasswordComplexityAdminCreate" name="test_admin_create_weak_password[NoDigitsHere-digit]" time="0.047" /><testcase classname="backend.tests.test_iteration2.TestPasswordComplexityAdminCreate" name="test_admin_create_strong_password_succeeds" time="0.269" /><testcase classname="backend.tests.test_iteration2.TestPasswordComplexityResetPassword" name="test_reset_weak_password[Sh0rt-at least 8]" time="0.736" /><testcase classname="backend.tests.test_iteration2.TestPasswordComplexityResetPassword" name="test_reset_weak_password[alllower1-uppercase]" time="0.051" /><testcase classname="backend.tests.test_iteration2.TestPasswordComplexityResetPassword" name="test_reset_weak_password[ALLUPPER1-lowercase]" time="0.045" /><testcase classname="backend.tests.test_iteration2.TestPasswordComplexityResetPassword" name="test_reset_weak_password[NoDigitsHere-digit]" time="0.043" /><testcase classname="backend.tests.test_iteration2.TestFacultySeeding" name="test_admin_users_lists_all_six_seeded_faculty" time="0.044" /><testcase classname="backend.tests.test_iteration2.TestFacultySeeding" name="test_seeded_faculty_can_login[University Librarian-universitylibrarian@minsu.edu.ph]" time="0.265" /><testcase classname="backend.tests.test_iteration2.TestFacultySeeding" name="test_seeded_faculty_can_login[Guidance Counselor-guidancecounselor@minsu.edu.ph]" time="0.270" /><testcase classname="backend.tests.test_iteration2.TestFacultySeeding" name="test_seeded_faculty_can_login[SAS Director/Coordinator-sasdirector_coordinator@minsu.edu.ph]" time="0.268" /><testcase classname="backend.tests.test_iteration2.TestFacultySeeding" name="test_seeded_faculty_can_login[Student Affairs/Finance-studentaffairs_finance@minsu.edu.ph]" time="0.266" /><testcase classname="backend.tests.test_iteration2.TestFacultySeeding" name="test_seeded_faculty_can_login[College Dean/Program Chair-collegedean_programchair@minsu.edu.ph]" time="0.265" /><testcase classname="backend.tests.test_iteration2.TestFacultySeeding" name="test_seeded_faculty_can_login[Registrar-registrar@minsu.edu.ph]" time="0.273" /><testcase classname="backend.tests.test_iteration2.TestBulkApprove" name="test_bulk_approve_mixed_valid_and_already_processed" time="1.568" /><testcase classname="backend.tests.test_iteration2.TestBulkRegistrarGating" name="test_registrar_bulk_blocked_when_others_pending" time="0.312" /><testcase classname="backend.tests.test_iteration2.TestBulkReject" name="test_bulk_reject" time="1.435" /><testcase classname="backend.tests.test_iteration2.TestAuditCursor" name="test_legacy_page_response" time="0.044" /><testcase classname="backend.tests.test_iteration2.TestAuditCursor" name="test_cursor_response_and_descending" time="0.090" /><testcase classname="backend.tests.test_iteration2.TestAuthZ" name="test_non_admin_cannot_access_admin_users" time="0.042" /><testcase classname="backend.tests.test_iteration2.TestAuthZ" name="test_non_admin_cannot_access_audit_logs" time="0.082" /><testcase classname="backend.tests.test_iteration2.TestAuthZ" name="test_non_faculty_cannot_bulk_process" time="0.044" /><testcase classname="backend.tests.test_iteration2.TestAuthZ" name="test_admin_cannot_bulk_process" time="0.042" /><testcase classname="backend.tests.test_iteration2.TestZCleanup" name="test_cleanup" time="0.828" /></testsuite></testsuites>