<?xml version="1.0" encoding="utf-8"?><testsuites name="pytest tests"><testsuite name="pytest" errors="0" failures="0" skipped="1" tests="31" time="8.889" timestamp="2026-04-25T22:42:25.344626+00:00" hostname="agent-env-6c6f7144-8432-40c7-af9b-2ef7fa00a568"><testcase classname="backend.tests.test_iteration5.TestSuperadminAuth" name="test_superadmin_login" time="0.412" /><testcase classname="backend.tests.test_iteration5.TestSuperadminAuth" name="test_superadmin_me" time="0.054" /><testcase classname="backend.tests.test_iteration5.TestSuperadminAuth" name="test_admin_login_still_works" time="0.276" /><testcase classname="backend.tests.test_iteration5.TestAdminEndpointsRoleGate" name="test_users_list_superadmin" time="0.060" /><testcase classname="backend.tests.test_iteration5.TestAdminEndpointsRoleGate" name="test_users_list_admin" time="0.056" /><testcase classname="backend.tests.test_iteration5.TestAdminEndpointsRoleGate" name="test_audit_logs_superadmin" time="0.055" /><testcase classname="backend.tests.test_iteration5.TestAdminEndpointsRoleGate" name="test_audit_logs_admin" time="0.055" /><testcase classname="backend.tests.test_iteration5.TestAdminEndpointsRoleGate" name="test_settings_superadmin" time="0.054" /><testcase classname="backend.tests.test_iteration5.TestAdminEndpointsRoleGate" name="test_settings_admin" time="0.054" /><testcase classname="backend.tests.test_iteration5.TestAdminEndpointsRoleGate" name="test_admin_endpoints_forbidden_for_faculty" time="0.338" /><testcase classname="backend.tests.test_iteration5.TestCreateUserRoleGate" name="test_admin_cannot_create_admin" time="0.053" /><testcase classname="backend.tests.test_iteration5.TestCreateUserRoleGate" name="test_admin_cannot_create_superadmin" time="0.051" /><testcase classname="backend.tests.test_iteration5.TestCreateUserRoleGate" name="test_admin_can_create_faculty" time="0.336" /><testcase classname="backend.tests.test_iteration5.TestCreateUserRoleGate" name="test_superadmin_can_create_admin" time="0.381" /><testcase classname="backend.tests.test_iteration5.TestCreateUserRoleGate" name="test_superadmin_can_create_superadmin" time="0.336" /><testcase classname="backend.tests.test_iteration5.TestDeleteRoleGate" name="test_admin_cannot_delete_admin" time="0.394" /><testcase classname="backend.tests.test_iteration5.TestDeleteRoleGate" name="test_admin_cannot_delete_superadmin" time="0.381" /><testcase classname="backend.tests.test_iteration5.TestDeleteRoleGate" name="test_admin_can_delete_faculty" time="0.347" /><testcase classname="backend.tests.test_iteration5.TestDeleteRoleGate" name="test_superadmin_can_delete_admin" time="0.347" /><testcase classname="backend.tests.test_iteration5.TestDeleteRoleGate" name="test_cannot_delete_self" time="0.053" /><testcase classname="backend.tests.test_iteration5.TestDeleteRoleGate" name="test_cannot_delete_last_superadmin" time="0.000"><skipped type="pytest.skip" message="Last-superadmin branch is unreachable without bypassing self-delete guard; documented in test docstring">/app/backend/tests/test_iteration5.py:289: Last-superadmin branch is unreachable without bypassing self-delete guard; documented in test docstring</skipped></testcase><testcase classname="backend.tests.test_iteration5.TestResetPasswordRoleGate" name="test_admin_cannot_reset_other_admin" time="0.392" /><testcase classname="backend.tests.test_iteration5.TestResetPasswordRoleGate" name="test_admin_cannot_reset_superadmin" time="0.054" /><testcase classname="backend.tests.test_iteration5.TestResetPasswordRoleGate" name="test_admin_can_reset_own_password" time="0.554" /><testcase classname="backend.tests.test_iteration5.TestResetPasswordRoleGate" name="test_admin_can_reset_faculty_password" time="0.896" /><testcase classname="backend.tests.test_iteration5.TestResetPasswordRoleGate" name="test_superadmin_can_reset_any" time="1.182" /><testcase classname="backend.tests.test_iteration5.TestAuditLogActorRole" name="test_actor_role_admin_recorded" time="0.393" /><testcase classname="backend.tests.test_iteration5.TestAuditLogActorRole" name="test_actor_role_superadmin_recorded" time="0.395" /><testcase classname="backend.tests.test_iteration5.TestFinalState" name="test_superadmin_password_unchanged" time="0.274" /><testcase classname="backend.tests.test_iteration5.TestFinalState" name="test_admin_password_unchanged" time="0.281" /><testcase classname="backend.tests.test_iteration5.TestFinalState" name="test_faculty_password_unchanged" time="0.274" /></testsuite></testsuites>