<?xml version="1.0" encoding="utf-8"?><testsuites name="pytest tests"><testsuite name="pytest" errors="0" failures="0" skipped="0" tests="28" time="7.603" timestamp="2026-04-25T21:59:21.295875+00:00" hostname="agent-env-6c6f7144-8432-40c7-af9b-2ef7fa00a568"><testcase classname="backend.tests.test_iteration3.TestRegressionBaseline" name="test_admin_login_still_works" time="0.715" /><testcase classname="backend.tests.test_iteration3.TestRegressionBaseline" name="test_faculty_seeded_login" time="0.275" /><testcase classname="backend.tests.test_iteration3.TestRegressionBaseline" name="test_password_complexity_still_enforced_on_register" time="0.049" /><testcase classname="backend.tests.test_iteration3.TestAdminSettingsGet" name="test_get_settings_unauthenticated" time="0.048" /><testcase classname="backend.tests.test_iteration3.TestAdminSettingsGet" name="test_get_settings_as_faculty_forbidden" time="0.322" /><testcase classname="backend.tests.test_iteration3.TestAdminSettingsGet" name="test_get_settings_as_admin" time="0.113" /><testcase classname="backend.tests.test_iteration3.TestAdminSettingsPost" name="test_unauthenticated_post" time="0.046" /><testcase classname="backend.tests.test_iteration3.TestAdminSettingsPost" name="test_faculty_post_forbidden" time="0.047" /><testcase classname="backend.tests.test_iteration3.TestAdminSettingsPost" name="test_update_sender_name" time="0.119" /><testcase classname="backend.tests.test_iteration3.TestAdminSettingsPost" name="test_clear_override_with_empty_string" time="0.215" /><testcase classname="backend.tests.test_iteration3.TestAdminSettingsPost" name="test_update_sendgrid_api_key_masked" time="0.117" /><testcase classname="backend.tests.test_iteration3.TestTestEmail" name="test_test_email_unauthenticated" time="0.061" /><testcase classname="backend.tests.test_iteration3.TestTestEmail" name="test_test_email_faculty_forbidden" time="0.051" /><testcase classname="backend.tests.test_iteration3.TestTestEmail" name="test_test_email_admin_unverified_sender" time="0.460" /><testcase classname="backend.tests.test_iteration3.TestSuggestPassword" name="test_suggest_password_returns_strong" time="0.329" /><testcase classname="backend.tests.test_iteration3.TestSuggestPassword" name="test_suggest_password_unique" time="0.132" /><testcase classname="backend.tests.test_iteration3.TestSuggestPassword" name="test_suggest_password_unauthenticated" time="0.053" /><testcase classname="backend.tests.test_iteration3.TestAdminResetPassword" name="test_reset_unauthenticated" time="0.049" /><testcase classname="backend.tests.test_iteration3.TestAdminResetPassword" name="test_reset_faculty_forbidden" time="0.050" /><testcase classname="backend.tests.test_iteration3.TestAdminResetPassword" name="test_reset_weak_password_rejected" time="0.052" /><testcase classname="backend.tests.test_iteration3.TestAdminResetPassword" name="test_reset_strong_password_works" time="0.809" /><testcase classname="backend.tests.test_iteration3.TestChangeOwnPassword" name="test_change_password_unauthenticated" time="0.044" /><testcase classname="backend.tests.test_iteration3.TestChangeOwnPassword" name="test_change_password_wrong_current" time="0.555" /><testcase classname="backend.tests.test_iteration3.TestChangeOwnPassword" name="test_change_password_weak_new" time="0.535" /><testcase classname="backend.tests.test_iteration3.TestChangeOwnPassword" name="test_change_password_same_as_current" time="0.543" /><testcase classname="backend.tests.test_iteration3.TestChangeOwnPassword" name="test_change_password_success" time="1.313" /><testcase classname="backend.tests.test_iteration3.TestAuditLogs" name="test_audit_contains_new_actions" time="0.064" /><testcase classname="backend.tests.test_iteration3.TestBulkProcessSmoke" name="test_bulk_process_endpoint_reachable" time="0.278" /></testsuite></testsuites>