<?xml version="1.0" encoding="utf-8"?><testsuites name="pytest tests"><testsuite name="pytest" errors="0" failures="0" skipped="0" tests="38" time="7.093" timestamp="2026-04-25T12:37:32.255715+00:00" hostname="agent-env-6c6f7144-8432-40c7-af9b-2ef7fa00a568"><testcase classname="backend.tests.backend_test.TestHealth" name="test_api_root" time="0.191" /><testcase classname="backend.tests.backend_test.TestHealth" name="test_constants" time="0.048" /><testcase classname="backend.tests.backend_test.TestAdminAuth" name="test_admin_login" time="0.275" /><testcase classname="backend.tests.backend_test.TestAdminAuth" name="test_me_with_token" time="0.049" /><testcase classname="backend.tests.backend_test.TestAdminAuth" name="test_me_without_token" time="0.158" /><testcase classname="backend.tests.backend_test.TestAdminAuth" name="test_invalid_login" time="0.274" /><testcase classname="backend.tests.backend_test.TestStudentRegistration" name="test_register_student" time="1.156" /><testcase classname="backend.tests.backend_test.TestStudentRegistration" name="test_login_before_verification_blocked" time="0.272" /><testcase classname="backend.tests.backend_test.TestStudentRegistration" name="test_resend_verification" time="0.923" /><testcase classname="backend.tests.backend_test.TestStudentRegistration" name="test_verify_email_invalid" time="0.049" /><testcase classname="backend.tests.backend_test.TestStudentRegistration" name="test_verify_email_success" time="0.061" /><testcase classname="backend.tests.backend_test.TestStudentRegistration" name="test_login_after_verify" time="0.270" /><testcase classname="backend.tests.backend_test.TestPasswordReset" name="test_forgot_password" time="0.050" /><testcase classname="backend.tests.backend_test.TestPasswordReset" name="test_reset_password_invalid_code" time="0.049" /><testcase classname="backend.tests.backend_test.TestAdminUserMgmt" name="test_list_users" time="0.049" /><testcase classname="backend.tests.backend_test.TestAdminUserMgmt" name="test_create_faculty_registrar" time="0.277" /><testcase classname="backend.tests.backend_test.TestAdminUserMgmt" name="test_create_faculty_librarian" time="0.270" /><testcase classname="backend.tests.backend_test.TestAdminUserMgmt" name="test_create_invalid_role" time="0.047" /><testcase classname="backend.tests.backend_test.TestAdminUserMgmt" name="test_admin_cannot_delete_self" time="0.048" /><testcase classname="backend.tests.backend_test.TestAdminUserMgmt" name="test_non_admin_forbidden" time="0.048" /><testcase classname="backend.tests.backend_test.TestClearance" name="test_create_clearance" time="0.049" /><testcase classname="backend.tests.backend_test.TestClearance" name="test_invalid_clearance_type" time="0.048" /><testcase classname="backend.tests.backend_test.TestClearance" name="test_list_student_only_own" time="0.051" /><testcase classname="backend.tests.backend_test.TestClearance" name="test_get_clearance_detail" time="0.049" /><testcase classname="backend.tests.backend_test.TestClearance" name="test_admin_can_list_all" time="0.052" /><testcase classname="backend.tests.backend_test.TestClearance" name="test_student_cannot_process" time="0.049" /><testcase classname="backend.tests.backend_test.TestFacultyProcessing" name="test_faculty_login" time="0.544" /><testcase classname="backend.tests.backend_test.TestFacultyProcessing" name="test_registrar_cannot_approve_first" time="0.054" /><testcase classname="backend.tests.backend_test.TestFacultyProcessing" name="test_librarian_approves" time="0.051" /><testcase classname="backend.tests.backend_test.TestFacultyProcessing" name="test_librarian_double_approve" time="0.051" /><testcase classname="backend.tests.backend_test.TestUploads" name="test_upload_file" time="0.161" /><testcase classname="backend.tests.backend_test.TestUploads" name="test_upload_disallowed_extension" time="0.142" /><testcase classname="backend.tests.backend_test.TestUploads" name="test_download_attachment" time="0.105" /><testcase classname="backend.tests.backend_test.TestStats" name="test_student_stats" time="0.056" /><testcase classname="backend.tests.backend_test.TestStats" name="test_admin_stats" time="0.053" /><testcase classname="backend.tests.backend_test.TestAuditLogs" name="test_audit_logs" time="0.049" /><testcase classname="backend.tests.backend_test.TestAuditLogs" name="test_audit_logs_forbidden_for_student" time="0.047" /><testcase classname="backend.tests.backend_test.TestZCleanup" name="test_admin_delete_test_users" time="0.817" /></testsuite></testsuites>